<?xml version="1.0" encoding="UTF-8"?>
<testsuite name="kr.bit.back.BackApplicationTests" tests="1" skipped="0" failures="0" errors="0" timestamp="2024-07-16T07:02:39" hostname="DESKTOP-9MJSTUA" time="0.593">
  <properties/>
  <testcase name="contextLoads()" classname="kr.bit.back.BackApplicationTests" time="0.593"/>
  <system-out><![CDATA[16:02:33.407 [Test worker] INFO org.springframework.test.context.support.AnnotationConfigContextLoaderUtils -- Could not detect default configuration classes for test class [kr.bit.back.BackApplicationTests]: BackApplicationTests does not declare any static, non-private, non-final, nested classes annotated with @Configuration.
16:02:33.555 [Test worker] INFO org.springframework.boot.test.context.SpringBootTestContextBootstrapper -- Found @SpringBootConfiguration kr.bit.back.BackApplication for test class kr.bit.back.BackApplicationTests

  .   ____          _            __ _ _
 /\\ / ___'_ __ _ _(_)_ __  __ _ \ \ \ \
( ( )\___ | '_ | '_| | '_ \/ _` | \ \ \ \
 \\/  ___)| |_)| | | | | || (_| |  ) ) ) )
  '  |____| .__|_| |_|_| |_\__, | / / / /
 =========|_|==============|___/=/_/_/_/
 :: Spring Boot ::       (v3.2.8-SNAPSHOT)

2024-07-16T16:02:34.265+09:00  INFO 25608 --- [back] [    Test worker] kr.bit.back.BackApplicationTests         : Starting BackApplicationTests using Java 17.0.10 with PID 25608 (started by Changho in C:\Users\Changho\Documents\Projects\SpringReact\aws\back)
2024-07-16T16:02:34.267+09:00  INFO 25608 --- [back] [    Test worker] kr.bit.back.BackApplicationTests         : No active profile set, falling back to 1 default profile: "default"
2024-07-16T16:02:35.183+09:00  INFO 25608 --- [back] [    Test worker] .s.d.r.c.RepositoryConfigurationDelegate : Bootstrapping Spring Data JPA repositories in DEFAULT mode.
2024-07-16T16:02:35.277+09:00  INFO 25608 --- [back] [    Test worker] .s.d.r.c.RepositoryConfigurationDelegate : Finished Spring Data repository scanning in 77 ms. Found 1 JPA repository interface.
2024-07-16T16:02:35.919+09:00  INFO 25608 --- [back] [    Test worker] o.hibernate.jpa.internal.util.LogHelper  : HHH000204: Processing PersistenceUnitInfo [name: default]
2024-07-16T16:02:36.037+09:00  INFO 25608 --- [back] [    Test worker] org.hibernate.Version                    : HHH000412: Hibernate ORM core version 6.4.9.Final
2024-07-16T16:02:36.104+09:00  INFO 25608 --- [back] [    Test worker] o.h.c.internal.RegionFactoryInitiator    : HHH000026: Second-level cache disabled
2024-07-16T16:02:36.571+09:00  INFO 25608 --- [back] [    Test worker] o.s.o.j.p.SpringPersistenceUnitInfo      : No LoadTimeWeaver setup: ignoring JPA class transformer
2024-07-16T16:02:36.622+09:00  INFO 25608 --- [back] [    Test worker] com.zaxxer.hikari.HikariDataSource       : HikariPool-1 - Starting...
2024-07-16T16:02:37.173+09:00  INFO 25608 --- [back] [    Test worker] com.zaxxer.hikari.pool.HikariPool        : HikariPool-1 - Added connection com.mysql.cj.jdbc.ConnectionImpl@6abe62bb
2024-07-16T16:02:37.177+09:00  INFO 25608 --- [back] [    Test worker] com.zaxxer.hikari.HikariDataSource       : HikariPool-1 - Start completed.
2024-07-16T16:02:37.294+09:00  WARN 25608 --- [back] [    Test worker] org.hibernate.orm.deprecation            : HHH90000025: MySQL8Dialect does not need to be specified explicitly using 'hibernate.dialect' (remove the property setting and it will be selected by default)
2024-07-16T16:02:37.297+09:00  WARN 25608 --- [back] [    Test worker] org.hibernate.orm.deprecation            : HHH90000026: MySQL8Dialect has been deprecated; use org.hibernate.dialect.MySQLDialect instead
2024-07-16T16:02:38.577+09:00  INFO 25608 --- [back] [    Test worker] o.h.e.t.j.p.i.JtaPlatformInitiator       : HHH000489: No JTA platform available (set 'hibernate.transaction.jta.platform' to enable JTA platform integration)
2024-07-16T16:02:38.666+09:00  INFO 25608 --- [back] [    Test worker] j.LocalContainerEntityManagerFactoryBean : Initialized JPA EntityManagerFactory for persistence unit 'default'
2024-07-16T16:02:39.207+09:00  WARN 25608 --- [back] [    Test worker] JpaBaseConfiguration$JpaWebConfiguration : spring.jpa.open-in-view is enabled by default. Therefore, database queries may be performed during view rendering. Explicitly configure spring.jpa.open-in-view to disable this warning
2024-07-16T16:02:39.718+09:00  INFO 25608 --- [back] [    Test worker] kr.bit.back.BackApplicationTests         : Started BackApplicationTests in 5.89 seconds (process running for 7.695)
]]></system-out>
  <system-err><![CDATA[]]></system-err>
</testsuite>
